127.0.0.1:46362 successfully connected.
Server successfully added record provided by Client 43649.
Server responded to Client 43649 with 13 total records.
Server responded to Client 43649 with list of 13 records.
Server responded to Client 43649 with 13 total records.
Server responded to Client 43649 with list of 13 records.
Server successfully added record provided by Client 43649.
Server successfully added record provided by Client 43649.
Server successfully added record provided by Client 43649.
Server responded to Client 43649 with 16 total records.
Server responded to Client 43649 with list of 16 records.
Server responded to Client 43649 with 16 total records.
Server responded to Client 43649 with record #1.
Server successfully updated record #1 for Client 43649.
Server successfully updated record #1 for Client 43649.
127.0.0.1:46364 successfully connected.
Server responded to Client 43650 with 16 total records.
Server responded to Client 43650 with list of 16 records.
127.0.0.1:46366 successfully connected.
Server responded to Client 43648 with 16 total records.
Server responded to Client 43648 with list of 16 records.
Server responded to Client 43650 with list of 21 log records.
Server successfully added record provided by Client 43648.
Server successfully added record provided by Client 43648.
Server responded to Client 43648 with 18 total records.
Server responded to Client 43648 with list of 18 records.
Server successfully added record provided by Client 43650.
Server responded to Client 43650 with 19 total records.
Server responded to Client 43650 with record #3.
Server successfully updated record #3 for Client 43650.
Server responded to Client 43650 with 19 total records.
Server responded to Client 43650 with list of 19 records.
Server responded to Client 43648 with list of 32 log records.
Server responded to Client 43650 with 19 total records.
Server responded to Client 43650 with record #12.
Server responded to Client 43650 with 19 total records.
Server responded to Client 43650 with list of 19 records.
Server responded to Client 43648 with 19 total records.
Server responded to Client 43648 with list of 19 records.
